# JRE version: OpenJDK Runtime Environment Temurin-11.0.12+7 (11.0.12+7) (build 11.0.12+7)
# Java VM: OpenJDK 64-Bit Server VM Temurin-11.0.12+7 (11.0.12+7, mixed mode, tiered, compressed oops, g1 gc, windows-amd64)
Heap:
 garbage-first heap   total 155648K, used 66044K [0x0000000083400000, 0x0000000100000000)
  region size 1024K, 35 young (35840K), 1 survivors (1024K)
 Metaspace       used 81133K, capacity 83428K, committed 83532K, reserved 1122304K
  class space    used 9887K, capacity 10803K, committed 10828K, reserved 1048576K
GC Heap History (20 events):
Event: 500.276 GC heap before
{Heap before GC invocations=78 (full 0):
 garbage-first heap   total 155648K, used 124354K [0x0000000083400000, 0x0000000100000000)
  region size 1024K, 91 young (93184K), 1 survivors (1024K)
 Metaspace       used 81124K, capacity 83428K, committed 83532K, reserved 1122304K
  class space    used 9887K, capacity 10803K, committed 10828K, reserved 1048576K
}
Event: 500.277 GC heap after
{Heap after GC invocations=79 (full 0):
 garbage-first heap   total 155648K, used 32202K [0x0000000083400000, 0x0000000100000000)
  region size 1024K, 1 young (1024K), 1 survivors (1024K)
 Metaspace       used 81124K, capacity 83428K, committed 83532K, reserved 1122304K
  class space    used 9887K, capacity 10803K, committed 10828K, reserved 1048576K
}
Event: 501.098 GC heap before
{Heap before GC invocations=79 (full 0):
 garbage-first heap   total 155648K, used 124362K [0x0000000083400000, 0x0000000100000000)
  region size 1024K, 91 young (93184K), 1 survivors (1024K)
 Metaspace       used 81133K, capacity 83428K, committed 83532K, reserved 1122304K
  class space    used 9887K, capacity 10803K, committed 10828K, reserved 1048576K
}
Event: 501.099 GC heap after
{Heap after GC invocations=80 (full 0):
 garbage-first heap   total 155648K, used 32223K [0x0000000083400000, 0x0000000100000000)
  region size 1024K, 1 young (1024K), 1 survivors (1024K)
 Metaspace       used 81133K, capacity 83428K, committed 83532K, reserved 1122304K
  class space    used 9887K, capacity 10803K, committed 10828K, reserved 1048576K
}
Event: 501.838 GC heap before
{Heap before GC invocations=80 (full 0):
 garbage-first heap   total 155648K, used 124383K [0x0000000083400000, 0x0000000100000000)
  region size 1024K, 91 young (93184K), 1 survivors (1024K)
 Metaspace       used 81133K, capacity 83428K, committed 83532K, reserved 1122304K
  class space    used 9887K, capacity 10803K, committed 10828K, reserved 1048576K
}
Event: 501.839 GC heap after
{Heap after GC invocations=81 (full 0):
 garbage-first heap   total 155648K, used 32217K [0x0000000083400000, 0x0000000100000000)
  region size 1024K, 1 young (1024K), 1 survivors (1024K)
 Metaspace       used 81133K, capacity 83428K, committed 83532K, reserved 1122304K
  class space    used 9887K, capacity 10803K, committed 10828K, reserved 1048576K
}
Event: 502.616 GC heap before
{Heap before GC invocations=81 (full 0):
 garbage-first heap   total 155648K, used 124377K [0x0000000083400000, 0x0000000100000000)
  region size 1024K, 91 young (93184K), 1 survivors (1024K)
 Metaspace       used 81133K, capacity 83428K, committed 83532K, reserved 1122304K
  class space    used 9887K, capacity 10803K, committed 10828K, reserved 1048576K
}
Event: 502.617 GC heap after
{Heap after GC invocations=82 (full 0):
 garbage-first heap   total 155648K, used 32225K [0x0000000083400000, 0x0000000100000000)
  region size 1024K, 1 young (1024K), 1 survivors (1024K)
 Metaspace       used 81133K, capacity 83428K, committed 83532K, reserved 1122304K
  class space    used 9887K, capacity 10803K, committed 10828K, reserved 1048576K
}
Event: 503.712 GC heap before
{Heap before GC invocations=82 (full 0):
 garbage-first heap   total 155648K, used 124385K [0x0000000083400000, 0x0000000100000000)
  region size 1024K, 91 young (93184K), 1 survivors (1024K)
 Metaspace       used 81133K, capacity 83428K, committed 83532K, reserved 1122304K
  class space    used 9887K, capacity 10803K, committed 10828K, reserved 1048576K
}
Event: 503.712 GC heap after
{Heap after GC invocations=83 (full 0):
 garbage-first heap   total 155648K, used 32206K [0x0000000083400000, 0x0000000100000000)
  region size 1024K, 1 young (1024K), 1 survivors (1024K)
 Metaspace       used 81133K, capacity 83428K, committed 83532K, reserved 1122304K
  class space    used 9887K, capacity 10803K, committed 10828K, reserved 1048576K
}
Event: 504.811 GC heap before
{Heap before GC invocations=83 (full 0):
 garbage-first heap   total 155648K, used 124366K [0x0000000083400000, 0x0000000100000000)
  region size 1024K, 91 young (93184K), 1 survivors (1024K)
 Metaspace       used 81133K, capacity 83428K, committed 83532K, reserved 1122304K
  class space    used 9887K, capacity 10803K, committed 10828K, reserved 1048576K
}
Event: 504.812 GC heap after
{Heap after GC invocations=84 (full 0):
 garbage-first heap   total 155648K, used 32215K [0x0000000083400000, 0x0000000100000000)
  region size 1024K, 1 young (1024K), 1 survivors (1024K)
 Metaspace       used 81133K, capacity 83428K, committed 83532K, reserved 1122304K
  class space    used 9887K, capacity 10803K, committed 10828K, reserved 1048576K
}
Event: 505.507 GC heap before
{Heap before GC invocations=84 (full 0):
 garbage-first heap   total 155648K, used 124375K [0x0000000083400000, 0x0000000100000000)
  region size 1024K, 91 young (93184K), 1 survivors (1024K)
 Metaspace       used 81133K, capacity 83428K, committed 83532K, reserved 1122304K
  class space    used 9887K, capacity 10803K, committed 10828K, reserved 1048576K
}
Event: 505.507 GC heap after
{Heap after GC invocations=85 (full 0):
 garbage-first heap   total 155648K, used 32209K [0x0000000083400000, 0x0000000100000000)
  region size 1024K, 1 young (1024K), 1 survivors (1024K)
 Metaspace       used 81133K, capacity 83428K, committed 83532K, reserved 1122304K
  class space    used 9887K, capacity 10803K, committed 10828K, reserved 1048576K
}
Event: 506.577 GC heap before
{Heap before GC invocations=85 (full 0):
 garbage-first heap   total 155648K, used 124369K [0x0000000083400000, 0x0000000100000000)
  region size 1024K, 91 young (93184K), 1 survivors (1024K)
 Metaspace       used 81133K, capacity 83428K, committed 83532K, reserved 1122304K
  class space    used 9887K, capacity 10803K, committed 10828K, reserved 1048576K
}
Event: 506.578 GC heap after
{Heap after GC invocations=86 (full 0):
 garbage-first heap   total 155648K, used 32207K [0x0000000083400000, 0x0000000100000000)
  region size 1024K, 1 young (1024K), 1 survivors (1024K)
 Metaspace       used 81133K, capacity 83428K, committed 83532K, reserved 1122304K
  class space    used 9887K, capacity 10803K, committed 10828K, reserved 1048576K
}
Event: 507.357 GC heap before
{Heap before GC invocations=86 (full 0):
 garbage-first heap   total 155648K, used 124367K [0x0000000083400000, 0x0000000100000000)
  region size 1024K, 91 young (93184K), 1 survivors (1024K)
 Metaspace       used 81133K, capacity 83428K, committed 83532K, reserved 1122304K
  class space    used 9887K, capacity 10803K, committed 10828K, reserved 1048576K
}
Event: 507.357 GC heap after
{Heap after GC invocations=87 (full 0):
 garbage-first heap   total 155648K, used 32201K [0x0000000083400000, 0x0000000100000000)
  region size 1024K, 1 young (1024K), 1 survivors (1024K)
 Metaspace       used 81133K, capacity 83428K, committed 83532K, reserved 1122304K
  class space    used 9887K, capacity 10803K, committed 10828K, reserved 1048576K
}
Event: 507.916 GC heap before
{Heap before GC invocations=87 (full 0):
 garbage-first heap   total 155648K, used 124361K [0x0000000083400000, 0x0000000100000000)
  region size 1024K, 91 young (93184K), 1 survivors (1024K)
 Metaspace       used 81133K, capacity 83428K, committed 83532K, reserved 1122304K
  class space    used 9887K, capacity 10803K, committed 10828K, reserved 1048576K
}
Event: 507.917 GC heap after
{Heap after GC invocations=88 (full 0):
 garbage-first heap   total 155648K, used 32252K [0x0000000083400000, 0x0000000100000000)
  region size 1024K, 1 young (1024K), 1 survivors (1024K)
 Metaspace       used 81133K, capacity 83428K, committed 83532K, reserved 1122304K
  class space    used 9887K, capacity 10803K, committed 10828K, reserved 1048576K
}

